This is LuaTeX, Version 1.11.2 (MiKTeX 2.9.7250 64-bit)  (format=lualatex 2020.1.27)  23 OCT 2020 15:37
 restricted system commands enabled.
 file:line:error style messages enabled.
**Answer.tex
(./Answer.tex
LaTeX2e <2019-10-01> patch level 3
Lua module: luaotfload-main 2019-11-10 3.11 luaotfload entry point
Lua module: luaotfload-init 2019-11-10 3.11 luaotfload submodule / initializatio
n
Lua module: lualibs 2019-11-06 2.69 ConTeXt Lua standard libraries.
Lua module: lualibs-extended 2019-11-06 2.69 ConTeXt Lua libraries -- extended c
ollection.
Lua module: luaotfload-log 2019-11-10 3.11 luaotfload submodule / logging
Lua module: luaotfload-parsers 2019-11-10 3.11 luaotfload submodule / filelist
Lua module: luaotfload-configuration 2019-11-10 3.11 luaotfload submodule / conf
ig file reader
luaotfload | conf : Root cache directory is C:/Users/Jerry-PC/AppData/Local/MiKT
eX/2.9/luatex-cache/generic/names.
luaotfload | init : Loading fontloader “fontloader-2019-10-29.lua” from kpse
-resolved path “C:/Program Files/MiKTeX 2.9/tex/luatex/luaotfload/fontloader-2
019-10-29.lua”.
Lua-only attribute luaotfload@state = 2
Lua-only attribute luaotfload@noligature = 3
Lua-only attribute luaotfload@syllabe = 4
luaotfload | init : Context OpenType loader version “3.11”
Inserting `luaotfload.node_processor' at position 1 in `pre_linebreak_filter'.
Inserting `luaotfload.node_processor' at position 1 in `hpack_filter'.
Lua module: luaotfload-loaders 2019-11-10 3.11 luaotfload submodule / callback h
andling
Inserting `luaotfload.define_font' at position 1 in `define_font'.
Lua module: luaotfload-database 2019-11-10 3.11 luaotfload submodule / database
Lua module: luaotfload-unicode 2019-11-10 3.11 luaotfload submodule / Unicode he
lpers
Lua module: luaotfload-colors 2019-11-10 3.11 luaotfload submodule / color
Lua-only attribute luaotfload_color_attribute = 5
Lua module: luaotfload-resolvers 2019-11-10 3.11 luaotfload submodule / resolver
s
luaotfload | conf : Root cache directory is C:/Users/Jerry-PC/AppData/Local/MiKT
eX/2.9/luatex-cache/generic/names.
Lua module: luaotfload-features 2019-11-10 3.11 luaotfload submodule / features
Lua module: luaotfload-letterspace 2019-11-10 3.11 luaotfload submodule / color
Lua module: luaotfload-embolden 2019-11-10 3.11 luaotfload submodule / color
Lua module: luaotfload-notdef 2019-11-10 3.11 luaotfload submodule / color
Lua module: luaotfload-auxiliary 2019-11-10 3.11 luaotfload submodule / auxiliar
y functions
Inserting `luaotfload.aux.set_sscale_dimens' at position 1 in `luaotfload.patch_
font'.
Inserting `luaotfload.aux.set_font_index' at position 2 in `luaotfload.patch_fon
t'.
Inserting `luaotfload.aux.patch_cambria_domh' at position 3 in `luaotfload.patch
_font'.
Inserting `luaotfload.aux.fixup_fontdata' at position 1 in `luaotfload.patch_fon
t_unsafe'.
Inserting `luaotfload.aux.set_capheight' at position 4 in `luaotfload.patch_font
'.
Inserting `luaotfload.aux.set_xheight' at position 5 in `luaotfload.patch_font'.
Lua module: luaotfload-multiscript 2019-11-10 3.11 luaotfload submodule / multis
cript
Lua module: luaotfload-tounicode 2019-11-10 3.11 luaotfload submodule / tounicod
e
Inserting `luaotfload.rewrite_fontname' at position 6 in `luaotfload.patch_font'
.
luaotfload | main : initialization completed in 1.133 seconds
("C:/Program Files/MiKTeX 2.9/tex/latex/base/article.cls"
Document Class: article 2019/10/25 v1.4k Standard LaTeX document class
("C:/Program Files/MiKTeX 2.9/tex/latex/base/size10.clo"
File: size10.clo 2019/10/25 v1.4k Standard LaTeX file (size option)
luaotfload | db : Font names database loaded from C:/Users/Jerry-PC/AppData/Loca
l/MiKTeX/2.9/luatex-cache/generic/names/luaotfload-names.luc)
\c@part=\count80
\c@section=\count81
\c@subsection=\count82
\c@subsubsection=\count83
\c@paragraph=\count84
\c@subparagraph=\count85
\c@figure=\count86
\c@table=\count87
\abovecaptionskip=\skip41
\belowcaptionskip=\skip42
\bibindent=\dimen102
)
("C:/Program Files/MiKTeX 2.9/tex/latex/amsmath/amsmath.sty"
Package: amsmath 2019/11/16 v2.17d AMS math features
\@mathmargin=\skip43

For additional information on amsmath, use the `?' option.
("C:/Program Files/MiKTeX 2.9/tex/latex/amsmath/amstext.sty"
Package: amstext 2000/06/29 v2.01 AMS text

("C:/Program Files/MiKTeX 2.9/tex/latex/amsmath/amsgen.sty"
File: amsgen.sty 1999/11/30 v2.0 generic functions
\@emptytoks=\toks14
\ex@=\dimen103
))
("C:/Program Files/MiKTeX 2.9/tex/latex/amsmath/amsbsy.sty"
Package: amsbsy 1999/11/29 v1.2d Bold Symbols
\pmbraise@=\dimen104
)
("C:/Program Files/MiKTeX 2.9/tex/latex/amsmath/amsopn.sty"
Package: amsopn 2016/03/08 v2.02 operator names
)
\inf@bad=\count88
LaTeX Info: Redefining \frac on input line 227.
\uproot@=\count89
\leftroot@=\count90
LaTeX Info: Redefining \overline on input line 389.
\classnum@=\count91
\DOTSCASE@=\count92
LaTeX Info: Redefining \ldots on input line 486.
LaTeX Info: Redefining \dots on input line 489.
LaTeX Info: Redefining \cdots on input line 610.
\Mathstrutbox@=\box27
\strutbox@=\box28
\big@size=\dimen105
LaTeX Font Info:    Redeclaring font encoding OML on input line 733.
LaTeX Font Info:    Redeclaring font encoding OMS on input line 734.
\macc@depth=\count93
\c@MaxMatrixCols=\count94
\dotsspace@=\muskip10
\c@parentequation=\count95
\dspbrk@lvl=\count96
\tag@help=\toks15
\row@=\count97
\column@=\count98
\maxfields@=\count99
\andhelp@=\toks16
\eqnshift@=\dimen106
\alignsep@=\dimen107
\tagshift@=\dimen108
\tagwidth@=\dimen109
\totwidth@=\dimen110
\lineht@=\dimen111
\@envbody=\toks17
\multlinegap=\skip44
\multlinetaggap=\skip45
\mathdisplay@stack=\toks18
LaTeX Info: Redefining \[ on input line 2858.
LaTeX Info: Redefining \] on input line 2859.
)
("C:/Program Files/MiKTeX 2.9/tex/latex/amsfonts/amssymb.sty"
Package: amssymb 2013/01/14 v3.01 AMS font symbols

("C:/Program Files/MiKTeX 2.9/tex/latex/amsfonts/amsfonts.sty"
Package: amsfonts 2013/01/14 v3.01 Basic AMSFonts support
\symAMSa=\mathgroup4
\symAMSb=\mathgroup5
LaTeX Font Info:    Redeclaring math symbol \hbar on input line 98.
LaTeX Font Info:    Overwriting math alphabet `\mathfrak' in version `bold'
(Font)                  U/euf/m/n --> U/euf/b/n on input line 106.
))
("C:/Program Files/MiKTeX 2.9/tex/latex/doublestroke/dsfont.sty"
Package: dsfont 1995/08/01 v0.1 Double stroke roman fonts
)
("C:/Program Files/MiKTeX 2.9/tex/latex/setspace/setspace.sty"
Package: setspace 2011/12/19 v6.7a set line spacing
)
("C:/Program Files/MiKTeX 2.9/tex/latex/was/gensymb.sty"
Package: gensymb 2003/07/02 v1.0 (WaS)
)
("C:/Program Files/MiKTeX 2.9/tex/latex/graphics/graphicx.sty"
Package: graphicx 2017/06/01 v1.1a Enhanced LaTeX Graphics (DPC,SPQR)

("C:/Program Files/MiKTeX 2.9/tex/latex/graphics/keyval.sty"
Package: keyval 2014/10/28 v1.15 key=value parser (DPC)
\KV@toks@=\toks19
)
("C:/Program Files/MiKTeX 2.9/tex/latex/graphics/graphics.sty"
Package: graphics 2019/11/01 v1.3d Standard LaTeX Graphics (DPC,SPQR)

("C:/Program Files/MiKTeX 2.9/tex/latex/graphics/trig.sty"
Package: trig 2016/01/03 v1.10 sin cos tan (DPC)
)
("C:/Program Files/MiKTeX 2.9/tex/latex/graphics-cfg/graphics.cfg"
File: graphics.cfg 2016/06/04 v1.11 sample graphics configuration
)
Package graphics Info: Driver file: luatex.def on input line 105.

("C:/Program Files/MiKTeX 2.9/tex/latex/graphics-def/luatex.def"
File: luatex.def 2018/01/08 v1.0l Graphics/color driver for luatex
))
\Gin@req@height=\dimen112
\Gin@req@width=\dimen113
)
("C:/Program Files/MiKTeX 2.9/tex/latex/geometry/geometry.sty"
Package: geometry 2020/01/02 v5.9 Page Geometry

("C:/Program Files/MiKTeX 2.9/tex/generic/iftex/ifvtex.sty"
Package: ifvtex 2019/10/25 v1.7 ifvtex legacy package. Use iftex instead.

("C:/Program Files/MiKTeX 2.9/tex/generic/iftex/iftex.sty"
Package: iftex 2019/11/07 v1.0c TeX engine tests
))
\Gm@cnth=\count100
\Gm@cntv=\count101
\c@Gm@tempcnt=\count102
\Gm@bindingoffset=\dimen114
\Gm@wd@mp=\dimen115
\Gm@odd@mp=\dimen116
\Gm@even@mp=\dimen117
\Gm@layoutwidth=\dimen118
\Gm@layoutheight=\dimen119
\Gm@layouthoffset=\dimen120
\Gm@layoutvoffset=\dimen121
\Gm@dimlist=\toks20

("C:/Program Files/MiKTeX 2.9/tex/latex/geometry/geometry.cfg"))
("C:/Program Files/MiKTeX 2.9/tex/latex/tools/enumerate.sty"
Package: enumerate 2015/07/23 v3.00 enumerate extensions (DPC)
\@enLab=\toks21
)
("C:/Program Files/MiKTeX 2.9/tex/latex/float/float.sty"
Package: float 2001/11/08 v1.3d Float enhancements (AL)
\c@float@type=\count103
\float@exts=\toks22
\float@box=\box29
\@float@everytoks=\toks23
\@floatcapt=\box30
)
("C:/Program Files/MiKTeX 2.9/tex/latex/multirow/multirow.sty"
Package: multirow 2019/05/31 v2.5 Span multiple rows of a table
\multirow@colwidth=\skip46
\multirow@cntb=\count104
\multirow@dima=\skip47
\bigstrutjot=\dimen122
)
("C:/Program Files/MiKTeX 2.9/tex/latex/base/inputenc.sty"
Package: inputenc 2018/08/11 v1.3c Input encoding file
\inpenc@prehook=\toks24
\inpenc@posthook=\toks25


Package inputenc Warning: inputenc package ignored with utf8 based engines.

) ("C:/Program Files/MiKTeX 2.9/tex/latex/mathtools/mathtools.sty"
Package: mathtools 2020/01/17 v1.23 mathematical typesetting tools

("C:/Program Files/MiKTeX 2.9/tex/latex/tools/calc.sty"
Package: calc 2017/05/25 v4.3 Infix arithmetic (KKT,FJ)
\calc@Acount=\count105
\calc@Bcount=\count106
\calc@Adimen=\dimen123
\calc@Bdimen=\dimen124
\calc@Askip=\skip48
\calc@Bskip=\skip49
LaTeX Info: Redefining \setlength on input line 80.
LaTeX Info: Redefining \addtolength on input line 81.
\calc@Ccount=\count107
\calc@Cskip=\skip50
)
("C:/Program Files/MiKTeX 2.9/tex/latex/mathtools/mhsetup.sty"
Package: mhsetup 2017/03/31 v1.3 programming setup (MH)
)
LaTeX Info: Thecontrolsequence`\('isalreadyrobust on input line 129.
LaTeX Info: Thecontrolsequence`\)'isalreadyrobust on input line 129.
LaTeX Info: Thecontrolsequence`\['isalreadyrobust on input line 129.
LaTeX Info: Thecontrolsequence`\]'isalreadyrobust on input line 129.
\g_MT_multlinerow_int=\count108
\l_MT_multwidth_dim=\dimen125
\origjot=\skip51
\l_MT_shortvdotswithinadjustabove_dim=\dimen126
\l_MT_shortvdotswithinadjustbelow_dim=\dimen127
\l_MT_above_intertext_sep=\dimen128
\l_MT_below_intertext_sep=\dimen129
\l_MT_above_shortintertext_sep=\dimen130
\l_MT_below_shortintertext_sep=\dimen131
)
("C:/Program Files/MiKTeX 2.9/tex/latex/jknappen/mathrsfs.sty"
Package: mathrsfs 1996/01/01 Math RSFS package v1.0 (jk)
\symrsfs=\mathgroup6
)
("C:/Program Files/MiKTeX 2.9/tex/latex/titlesec/titlesec.sty"
Package: titlesec 2019/10/16 v2.13 Sectioning titles
\ttl@box=\box31
\beforetitleunit=\skip52
\aftertitleunit=\skip53
\ttl@plus=\dimen132
\ttl@minus=\dimen133
\ttl@toksa=\toks26
\titlewidth=\dimen134
\titlewidthlast=\dimen135
\titlewidthfirst=\dimen136
)
("C:/Program Files/MiKTeX 2.9/tex/latex/tools/indentfirst.sty"
Package: indentfirst 1995/11/23 v1.03 Indent first paragraph (DPC)
)
("C:/Program Files/MiKTeX 2.9/tex/latex/pdfpages/pdfpages.sty"
Package: pdfpages 2019/12/17 v0.5p Insert pages of external PDF documents (AM)

("C:/Program Files/MiKTeX 2.9/tex/latex/base/ifthen.sty"
Package: ifthen 2014/09/29 v1.1c Standard LaTeX ifthen package (DPC)
)
("C:/Program Files/MiKTeX 2.9/tex/latex/eso-pic/eso-pic.sty"
Package: eso-pic 2018/04/12 v2.0h eso-pic (RN)

("C:/Program Files/MiKTeX 2.9/tex/generic/atbegshi/atbegshi.sty"
Package: atbegshi 2019/12/05 v1.19 At begin shipout hook (HO)

("C:/Program Files/MiKTeX 2.9/tex/generic/infwarerr/infwarerr.sty"
Package: infwarerr 2019/12/03 v1.5 Providing info/warning/error messages (HO)
)
("C:/Program Files/MiKTeX 2.9/tex/generic/ltxcmds/ltxcmds.sty"
Package: ltxcmds 2019/12/15 v1.24 LaTeX kernel commands for general use (HO)
))
("C:/Program Files/MiKTeX 2.9/tex/latex/xcolor/xcolor.sty"
Package: xcolor 2016/05/11 v2.12 LaTeX color extensions (UK)

("C:/Program Files/MiKTeX 2.9/tex/latex/graphics-cfg/color.cfg"
File: color.cfg 2016/01/02 v1.6 sample color configuration
)
Package xcolor Info: Driver file: luatex.def on input line 225.
Package xcolor Info: Model `cmy' substituted by `cmy0' on input line 1348.
Package xcolor Info: Model `hsb' substituted by `rgb' on input line 1352.
Package xcolor Info: Model `RGB' extended on input line 1364.
Package xcolor Info: Model `HTML' substituted by `rgb' on input line 1366.
Package xcolor Info: Model `Hsb' substituted by `hsb' on input line 1367.
Package xcolor Info: Model `tHsb' substituted by `hsb' on input line 1368.
Package xcolor Info: Model `HSB' substituted by `hsb' on input line 1369.
Package xcolor Info: Model `Gray' substituted by `gray' on input line 1370.
Package xcolor Info: Model `wave' substituted by `hsb' on input line 1371.
))
\AM@pagewidth=\dimen137
\AM@pageheight=\dimen138

("C:/Program Files/MiKTeX 2.9/tex/latex/pdfpages/ppluatex.def"
File: ppluatex.def 2019/12/17 v0.5p Pdfpages driver for LuaTeX (AM)
)
\AM@pagebox=\box32
\AM@global@opts=\toks27
\AM@toc@title=\toks28
\c@AM@survey=\count109
\AM@templatesizebox=\box33
)

LaTeX Warning: Unused global option(s):
    [14pt].

(./Answer.aux)
\openout1 = Answer.aux

LaTeX Font Info:    Checking defaults for OML/cmm/m/it on input line 30.
LaTeX Font Info:    ... okay on input line 30.
LaTeX Font Info:    Checking defaults for T1/cmr/m/n on input line 30.
LaTeX Font Info:    ... okay on input line 30.
LaTeX Font Info:    Checking defaults for OT1/cmr/m/n on input line 30.
LaTeX Font Info:    ... okay on input line 30.
LaTeX Font Info:    Checking defaults for OMS/cmsy/m/n on input line 30.
LaTeX Font Info:    ... okay on input line 30.
LaTeX Font Info:    Checking defaults for TU/lmr/m/n on input line 30.
LaTeX Font Info:    ... okay on input line 30.
LaTeX Font Info:    Checking defaults for OMX/cmex/m/n on input line 30.
LaTeX Font Info:    ... okay on input line 30.
LaTeX Font Info:    Checking defaults for U/cmr/m/n on input line 30.
LaTeX Font Info:    ... okay on input line 30.
LaTeX Info: Redefining \celsius on input line 30.
Package gensymb Info: Faking symbols for \degree and \celsius on input line 30.


Package gensymb Warning: Not defining \perthousand.

LaTeX Info: Redefining \ohm on input line 30.
Package gensymb Info: Using \Omega for \ohm on input line 30.

Package gensymb Warning: Not defining \micro.

("C:/Program Files/MiKTeX 2.9/tex/context/base/mkii/supp-pdf.mkii"
[Loading MPS to PDF converter (version 2006.09.02).]
\scratchcounter=\count110
\scratchdimen=\dimen139
\scratchbox=\box34
\nofMPsegments=\count111
\nofMParguments=\count112
\everyMPshowfont=\toks29
\MPscratchCnt=\count113
\MPscratchDim=\dimen140
\MPnumerator=\count114
\makeMPintoPDFobject=\count115
\everyMPtoPDFconversion=\toks30
) ("C:/Program Files/MiKTeX 2.9/tex/latex/epstopdf-pkg/epstopdf-base.sty"
Package: epstopdf-base 2019-12-09 v2.10 Base part for package epstopdf
Package epstopdf-base Info: Redefining graphics rule for `.eps' on input line 48
5.
)
*geometry* driver: auto-detecting
*geometry* detected driver: luatex
*geometry* verbose mode - [ preamble ] result:
* driver: luatex
* paper: <default>
* layout: <same size as paper>
* layoutoffset:(h,v)=(0.0pt,0.0pt)
* modes: 
* h-part:(L,W,R)=(71.13188pt, 472.03123pt, 71.13188pt)
* v-part:(T,H,B)=(71.13188pt, 652.70622pt, 71.13188pt)
* \paperwidth=614.295pt
* \paperheight=794.96999pt
* \textwidth=472.03123pt
* \textheight=652.70622pt
* \oddsidemargin=-1.1381pt
* \evensidemargin=-1.1381pt
* \topmargin=-38.1381pt
* \headheight=12.0pt
* \headsep=25.0pt
* \topskip=10.0pt
* \footskip=30.0pt
* \marginparwidth=65.0pt
* \marginparsep=11.0pt
* \columnsep=10.0pt
* \skip\footins=9.0pt plus 4.0pt minus 2.0pt
* \hoffset=0.0pt
* \voffset=0.0pt
* \mag=1000
* \@twocolumnfalse
* \@twosidefalse
* \@mparswitchfalse
* \@reversemarginfalse
* (1in=72.27pt=25.4mm, 1cm=28.453pt)

\AtBeginShipoutBox=\box35
("C:/Program Files/MiKTeX 2.9/tex/latex/pdflscape/pdflscape.sty"
Package: pdflscape 2019/12/05 v0.12 Display of landscape pages in PDF (HO)

("C:/Program Files/MiKTeX 2.9/tex/latex/graphics/lscape.sty"
Package: lscape 2000/10/22 v3.01 Landscape Pages (DPC)
)
Package pdflscape Info: Auto-detected driver: pdftex on input line 81.
)
LaTeX Font Info:    Trying to load font information for U+msa on input line 32.

("C:/Program Files/MiKTeX 2.9/tex/latex/amsfonts/umsa.fd"
File: umsa.fd 2013/01/14 v3.01 AMS symbols A
)
LaTeX Font Info:    Trying to load font information for U+msb on input line 32.

("C:/Program Files/MiKTeX 2.9/tex/latex/amsfonts/umsb.fd"
File: umsb.fd 2013/01/14 v3.01 AMS symbols B
)
LaTeX Font Info:    Trying to load font information for U+rsfs on input line 32.


("C:/Program Files/MiKTeX 2.9/tex/latex/jknappen/ursfs.fd"
File: ursfs.fd 1998/03/24 rsfs font definition file (jk)
) [1

{C:/Users/Jerry-PC/AppData/Local/MiKTeX/2.9/pdftex/config/pdftex.map}] (./Answe
r.aux))

Here is how much of LuaTeX's memory you used:
 5373 strings out of 493863
 100000,184870 words of node,token memory allocated
 484 words of node memory still in use:
   5 hlist, 2 vlist, 2 rule, 2 glue, 4 kern, 1 glyph, 7 attribute, 53 glue_spec,
 7 attribute_list, 1 write nodes
   avail lists: 2:252,3:74,4:18,5:55,6:13,7:714,8:36,9:139,10:4,11:20
 9808 multiletter control sequences out of 65536+200000
 62 fonts using 3890431 bytes
 40i,6n,45p,240b,197s stack positions out of 5000i,500n,10000p,200000b,50000s
<c:/program files/miktex 2.9/fonts/opentype/public/lm/lmroman10-regular.otf><c:/
program files/miktex 2.9/fonts/opentype/public/lm/lmroman12-regular.otf><C:/Prog
ram Files/MiKTeX 2.9/fonts/type1/public/amsfonts/cm/cmmi10.pfb><C:/Program Files
/MiKTeX 2.9/fonts/type1/public/amsfonts/cm/cmmi5.pfb><C:/Program Files/MiKTeX 2.
9/fonts/type1/public/amsfonts/cm/cmmi7.pfb><C:/Program Files/MiKTeX 2.9/fonts/ty
pe1/public/amsfonts/cm/cmr10.pfb><C:/Program Files/MiKTeX 2.9/fonts/type1/public
/amsfonts/cm/cmr7.pfb><C:/Program Files/MiKTeX 2.9/fonts/type1/public/amsfonts/c
m/cmsy10.pfb><C:/Program Files/MiKTeX 2.9/fonts/type1/public/amsfonts/cm/cmsy7.p
fb>
Output written on Answer.pdf (1 page, 71343 bytes).

PDF statistics: 48 PDF objects out of 1000 (max. 8388607)
 0 named destinations out of 1000 (max. 131072)
 1 words of extra memory for PDF output out of 10000 (max. 100000000)

